<?xml version="1.0" encoding="UTF-8"?>
<testsuite xmlns:xsi="http://www.w3.org/2001/XMLSchema-instance" xsi:noNamespaceSchemaLocation="https://maven.apache.org/surefire/maven-surefire-plugin/xsd/surefire-test-report.xsd" name="MyUnitTest" time="1.915" tests="1" errors="0" skipped="0" failures="0">
  <properties>
    <property name="sun.desktop" value="windows"/>
    <property name="awt.toolkit" value="sun.awt.windows.WToolkit"/>
    <property name="file.encoding.pkg" value="sun.io"/>
    <property name="java.specification.version" value="1.8"/>
    <property name="sun.cpu.isalist" value="amd64"/>
    <property name="sun.jnu.encoding" value="GBK"/>
    <property name="java.class.path" value="D:\Project\activiti\activiti6-samples\newConfig\target\test-classes;D:\Project\activiti\activiti6-samples\newConfig\target\classes;C:\Users\12996\.m2\repository\org\activiti\activiti-engine\6.0.0\activiti-engine-6.0.0.jar;C:\Users\12996\.m2\repository\org\activiti\activiti-bpmn-converter\6.0.0\activiti-bpmn-converter-6.0.0.jar;C:\Users\12996\.m2\repository\org\activiti\activiti-bpmn-model\6.0.0\activiti-bpmn-model-6.0.0.jar;C:\Users\12996\.m2\repository\org\activiti\activiti-process-validation\6.0.0\activiti-process-validation-6.0.0.jar;C:\Users\12996\.m2\repository\org\activiti\activiti-image-generator\6.0.0\activiti-image-generator-6.0.0.jar;C:\Users\12996\.m2\repository\org\activiti\activiti-dmn-api\6.0.0\activiti-dmn-api-6.0.0.jar;C:\Users\12996\.m2\repository\org\activiti\activiti-dmn-model\6.0.0\activiti-dmn-model-6.0.0.jar;C:\Users\12996\.m2\repository\org\activiti\activiti-form-model\6.0.0\activiti-form-model-6.0.0.jar;C:\Users\12996\.m2\repository\com\fasterxml\jackson\core\jackson-core\2.9.6\jackson-core-2.9.6.jar;C:\Users\12996\.m2\repository\com\fasterxml\jackson\core\jackson-databind\2.9.6\jackson-databind-2.9.6.jar;C:\Users\12996\.m2\repository\com\fasterxml\jackson\core\jackson-annotations\2.9.0\jackson-annotations-2.9.0.jar;C:\Users\12996\.m2\repository\org\activiti\activiti-form-api\6.0.0\activiti-form-api-6.0.0.jar;C:\Users\12996\.m2\repository\org\apache\commons\commons-email\1.4\commons-email-1.4.jar;C:\Users\12996\.m2\repository\com\sun\mail\javax.mail\1.6.1\javax.mail-1.6.1.jar;C:\Users\12996\.m2\repository\javax\activation\activation\1.1.1\activation-1.1.1.jar;C:\Users\12996\.m2\repository\org\apache\commons\commons-lang3\3.7\commons-lang3-3.7.jar;C:\Users\12996\.m2\repository\org\mybatis\mybatis\3.4.2\mybatis-3.4.2.jar;C:\Users\12996\.m2\repository\org\springframework\spring-beans\5.0.8.RELEASE\spring-beans-5.0.8.RELEASE.jar;C:\Users\12996\.m2\repository\org\springframework\spring-core\5.0.8.RELEASE\spring-core-5.0.8.RELEASE.jar;C:\Users\12996\.m2\repository\org\springframework\spring-jcl\5.0.8.RELEASE\spring-jcl-5.0.8.RELEASE.jar;C:\Users\12996\.m2\repository\de\odysseus\juel\juel-api\2.2.7\juel-api-2.2.7.jar;C:\Users\12996\.m2\repository\de\odysseus\juel\juel-impl\2.2.7\juel-impl-2.2.7.jar;C:\Users\12996\.m2\repository\de\odysseus\juel\juel-spi\2.2.7\juel-spi-2.2.7.jar;C:\Users\12996\.m2\repository\joda-time\joda-time\2.9.9\joda-time-2.9.9.jar;C:\Users\12996\.m2\repository\org\slf4j\slf4j-api\1.7.25\slf4j-api-1.7.25.jar;C:\Users\12996\.m2\repository\org\slf4j\jcl-over-slf4j\1.7.25\jcl-over-slf4j-1.7.25.jar;C:\Users\12996\.m2\repository\junit\junit\4.11\junit-4.11.jar;C:\Users\12996\.m2\repository\org\hamcrest\hamcrest-core\1.3\hamcrest-core-1.3.jar;C:\Users\12996\.m2\repository\com\h2database\h2\1.3.168\h2-1.3.168.jar;C:\Users\12996\.m2\repository\com\google\guava\guava\23.0\guava-23.0.jar;C:\Users\12996\.m2\repository\com\google\code\findbugs\jsr305\1.3.9\jsr305-1.3.9.jar;C:\Users\12996\.m2\repository\com\google\errorprone\error_prone_annotations\2.0.18\error_prone_annotations-2.0.18.jar;C:\Users\12996\.m2\repository\com\google\j2objc\j2objc-annotations\1.1\j2objc-annotations-1.1.jar;C:\Users\12996\.m2\repository\org\codehaus\mojo\animal-sniffer-annotations\1.14\animal-sniffer-annotations-1.14.jar;C:\Users\12996\.m2\repository\ch\qos\logback\logback-classic\1.1.11\logback-classic-1.1.11.jar;C:\Users\12996\.m2\repository\ch\qos\logback\logback-core\1.2.3\logback-core-1.2.3.jar;"/>
    <property name="java.vm.vendor" value="Oracle Corporation"/>
    <property name="sun.arch.data.model" value="64"/>
    <property name="user.variant" value=""/>
    <property name="java.vendor.url" value="http://java.oracle.com/"/>
    <property name="user.timezone" value=""/>
    <property name="java.vm.specification.version" value="1.8"/>
    <property name="os.name" value="Windows 10"/>
    <property name="user.country" value="CN"/>
    <property name="sun.java.launcher" value="SUN_STANDARD"/>
    <property name="sun.boot.library.path" value="D:\Program Files\Java\jdk1.8.0_73\jre\bin"/>
    <property name="sun.java.command" value="C:\Users\12996\AppData\Local\Temp\surefire4899064956510178820\surefirebooter8354162023103699922.jar C:\Users\12996\AppData\Local\Temp\surefire4899064956510178820 2018-10-09T14-20-57_875-jvmRun1 surefire8788796660080180656tmp surefire_05534898991992544616tmp"/>
    <property name="surefire.test.class.path" value="D:\Project\activiti\activiti6-samples\newConfig\target\test-classes;D:\Project\activiti\activiti6-samples\newConfig\target\classes;C:\Users\12996\.m2\repository\org\activiti\activiti-engine\6.0.0\activiti-engine-6.0.0.jar;C:\Users\12996\.m2\repository\org\activiti\activiti-bpmn-converter\6.0.0\activiti-bpmn-converter-6.0.0.jar;C:\Users\12996\.m2\repository\org\activiti\activiti-bpmn-model\6.0.0\activiti-bpmn-model-6.0.0.jar;C:\Users\12996\.m2\repository\org\activiti\activiti-process-validation\6.0.0\activiti-process-validation-6.0.0.jar;C:\Users\12996\.m2\repository\org\activiti\activiti-image-generator\6.0.0\activiti-image-generator-6.0.0.jar;C:\Users\12996\.m2\repository\org\activiti\activiti-dmn-api\6.0.0\activiti-dmn-api-6.0.0.jar;C:\Users\12996\.m2\repository\org\activiti\activiti-dmn-model\6.0.0\activiti-dmn-model-6.0.0.jar;C:\Users\12996\.m2\repository\org\activiti\activiti-form-model\6.0.0\activiti-form-model-6.0.0.jar;C:\Users\12996\.m2\repository\com\fasterxml\jackson\core\jackson-core\2.9.6\jackson-core-2.9.6.jar;C:\Users\12996\.m2\repository\com\fasterxml\jackson\core\jackson-databind\2.9.6\jackson-databind-2.9.6.jar;C:\Users\12996\.m2\repository\com\fasterxml\jackson\core\jackson-annotations\2.9.0\jackson-annotations-2.9.0.jar;C:\Users\12996\.m2\repository\org\activiti\activiti-form-api\6.0.0\activiti-form-api-6.0.0.jar;C:\Users\12996\.m2\repository\org\apache\commons\commons-email\1.4\commons-email-1.4.jar;C:\Users\12996\.m2\repository\com\sun\mail\javax.mail\1.6.1\javax.mail-1.6.1.jar;C:\Users\12996\.m2\repository\javax\activation\activation\1.1.1\activation-1.1.1.jar;C:\Users\12996\.m2\repository\org\apache\commons\commons-lang3\3.7\commons-lang3-3.7.jar;C:\Users\12996\.m2\repository\org\mybatis\mybatis\3.4.2\mybatis-3.4.2.jar;C:\Users\12996\.m2\repository\org\springframework\spring-beans\5.0.8.RELEASE\spring-beans-5.0.8.RELEASE.jar;C:\Users\12996\.m2\repository\org\springframework\spring-core\5.0.8.RELEASE\spring-core-5.0.8.RELEASE.jar;C:\Users\12996\.m2\repository\org\springframework\spring-jcl\5.0.8.RELEASE\spring-jcl-5.0.8.RELEASE.jar;C:\Users\12996\.m2\repository\de\odysseus\juel\juel-api\2.2.7\juel-api-2.2.7.jar;C:\Users\12996\.m2\repository\de\odysseus\juel\juel-impl\2.2.7\juel-impl-2.2.7.jar;C:\Users\12996\.m2\repository\de\odysseus\juel\juel-spi\2.2.7\juel-spi-2.2.7.jar;C:\Users\12996\.m2\repository\joda-time\joda-time\2.9.9\joda-time-2.9.9.jar;C:\Users\12996\.m2\repository\org\slf4j\slf4j-api\1.7.25\slf4j-api-1.7.25.jar;C:\Users\12996\.m2\repository\org\slf4j\jcl-over-slf4j\1.7.25\jcl-over-slf4j-1.7.25.jar;C:\Users\12996\.m2\repository\junit\junit\4.11\junit-4.11.jar;C:\Users\12996\.m2\repository\org\hamcrest\hamcrest-core\1.3\hamcrest-core-1.3.jar;C:\Users\12996\.m2\repository\com\h2database\h2\1.3.168\h2-1.3.168.jar;C:\Users\12996\.m2\repository\com\google\guava\guava\23.0\guava-23.0.jar;C:\Users\12996\.m2\repository\com\google\code\findbugs\jsr305\1.3.9\jsr305-1.3.9.jar;C:\Users\12996\.m2\repository\com\google\errorprone\error_prone_annotations\2.0.18\error_prone_annotations-2.0.18.jar;C:\Users\12996\.m2\repository\com\google\j2objc\j2objc-annotations\1.1\j2objc-annotations-1.1.jar;C:\Users\12996\.m2\repository\org\codehaus\mojo\animal-sniffer-annotations\1.14\animal-sniffer-annotations-1.14.jar;C:\Users\12996\.m2\repository\ch\qos\logback\logback-classic\1.1.11\logback-classic-1.1.11.jar;C:\Users\12996\.m2\repository\ch\qos\logback\logback-core\1.2.3\logback-core-1.2.3.jar;"/>
    <property name="sun.cpu.endian" value="little"/>
    <property name="user.home" value="C:\Users\12996"/>
    <property name="user.language" value="zh"/>
    <property name="java.specification.vendor" value="Oracle Corporation"/>
    <property name="java.home" value="D:\Program Files\Java\jdk1.8.0_73\jre"/>
    <property name="basedir" value="D:\Project\activiti\activiti6-samples\newConfig"/>
    <property name="file.separator" value="\"/>
    <property name="line.separator" value="&#10;"/>
    <property name="java.vm.specification.vendor" value="Oracle Corporation"/>
    <property name="java.specification.name" value="Java Platform API Specification"/>
    <property name="java.awt.graphicsenv" value="sun.awt.Win32GraphicsEnvironment"/>
    <property name="surefire.real.class.path" value="C:\Users\12996\AppData\Local\Temp\surefire4899064956510178820\surefirebooter8354162023103699922.jar"/>
    <property name="sun.boot.class.path" value="D:\Program Files\Java\jdk1.8.0_73\jre\lib\resources.jar;D:\Program Files\Java\jdk1.8.0_73\jre\lib\rt.jar;D:\Program Files\Java\jdk1.8.0_73\jre\lib\sunrsasign.jar;D:\Program Files\Java\jdk1.8.0_73\jre\lib\jsse.jar;D:\Program Files\Java\jdk1.8.0_73\jre\lib\jce.jar;D:\Program Files\Java\jdk1.8.0_73\jre\lib\charsets.jar;D:\Program Files\Java\jdk1.8.0_73\jre\lib\jfr.jar;D:\Program Files\Java\jdk1.8.0_73\jre\classes"/>
    <property name="user.script" value=""/>
    <property name="sun.management.compiler" value="HotSpot 64-Bit Tiered Compilers"/>
    <property name="java.runtime.version" value="1.8.0_73-b02"/>
    <property name="user.name" value="12996"/>
    <property name="path.separator" value=";"/>
    <property name="os.version" value="10.0"/>
    <property name="java.endorsed.dirs" value="D:\Program Files\Java\jdk1.8.0_73\jre\lib\endorsed"/>
    <property name="java.runtime.name" value="Java(TM) SE Runtime Environment"/>
    <property name="file.encoding" value="GBK"/>
    <property name="java.vm.name" value="Java HotSpot(TM) 64-Bit Server VM"/>
    <property name="localRepository" value="C:\Users\12996\.m2\repository"/>
    <property name="java.vendor.url.bug" value="http://bugreport.sun.com/bugreport/"/>
    <property name="java.io.tmpdir" value="C:\Users\12996\AppData\Local\Temp\"/>
    <property name="idea.version" value="2018.1.4"/>
    <property name="java.version" value="1.8.0_73"/>
    <property name="user.dir" value="D:\Project\activiti\activiti6-samples\newConfig"/>
    <property name="os.arch" value="amd64"/>
    <property name="java.vm.specification.name" value="Java Virtual Machine Specification"/>
    <property name="java.awt.printerjob" value="sun.awt.windows.WPrinterJob"/>
    <property name="sun.os.patch.level" value=""/>
    <property name="java.library.path" value="D:\Program Files\Java\jdk1.8.0_73\jre\bin;C:\WINDOWS\Sun\Java\bin;C:\WINDOWS\system32;C:\WINDOWS;C:\ProgramData\Oracle\Java\javapath;C:\Program Files (x86)\Intel\Intel(R) Management Engine Components\iCLS\;C:\Program Files\Intel\Intel(R) Management Engine Components\iCLS\;C:\Windows\system32;C:\Windows;C:\Windows\System32\Wbem;C:\Windows\System32\WindowsPowerShell\v1.0\;C:\Program Files (x86)\Intel\Intel(R) Management Engine Components\DAL;C:\Program Files\Intel\Intel(R) Management Engine Components\DAL;C:\Program Files (x86)\Intel\Intel(R) Management Engine Components\IPT;C:\Program Files\Intel\Intel(R) Management Engine Components\IPT;C:\Program Files\Intel\WiFi\bin\;C:\Program Files\Common Files\Intel\WirelessCommon\;C:\Program Files (x86)\NVIDIA Corporation\PhysX\Common;D:\tomcat\apache-tomcat-9.0.0.M26-windows-x64\apache-tomcat-9.0.0.M26\bin;&quot;D:\Program Files\Java\jdk1.8.0_73\bin;D:\Program Files\Java\jdk1.8.0_73\jre\bin;&quot;;D:\tomcat\apache-maven-3.3.9-bin\apache-maven-3.3.9\bin\;C:\Program Files\MySQL\MySQL Utilities 1.6\;C:\WINDOWS\system32;C:\WINDOWS;C:\WINDOWS\System32\Wbem;C:\WINDOWS\System32\WindowsPowerShell\v1.0\;C:\WINDOWS\System32\OpenSSH\;D:\Program Files\nodejs\;D:\Program Files\Git\cmd;D:\kafka\zookeeper-3.5.4-beta\zookeeper-3.5.4-beta\bin;C:\Users\12996\AppData\Local\Microsoft\WindowsApps;C:\Users\12996\AppData\Roaming\npm;D:\Program Files\Docker Toolbox;."/>
    <property name="java.vm.info" value="mixed mode"/>
    <property name="java.vendor" value="Oracle Corporation"/>
    <property name="java.vm.version" value="25.73-b02"/>
    <property name="java.ext.dirs" value="D:\Program Files\Java\jdk1.8.0_73\jre\lib\ext;C:\WINDOWS\Sun\Java\lib\ext"/>
    <property name="sun.io.unicode.encoding" value="UnicodeLittle"/>
    <property name="java.class.version" value="52.0"/>
  </properties>
  <testcase name="test" classname="MyUnitTest" time="1.881"/>
</testsuite>